<?xml version="1.0" encoding="UTF-8"?>
<!-- Generated by org.testng.reporters.JUnitReportReporter -->
<testsuite hostname="Dell" failures="0" tests="1" name="EndToEnd.DataProvider" time="0.847" errors="0" timestamp="2020-12-25T18:42:29 IST" skipped="0">
  <testcase classname="EndToEnd.DataProvider" name="getlogintestdetails" time="0.847"/>
  <system-out/>
</testsuite> <!-- EndToEnd.DataProvider -->
